Added Component: Designator=C?(CAP_0805)
Add component (AddParameter): Name = "Case/Package"; Value = "0805 (2012 Metric)"; VariantName = "[No Variations]"
Add component (AddParameter): Name = "Manufacturer"; Value = "KEMET"; VariantName = "[No Variations]"
Add component (AddParameter): Name = "Manufacturing Part Number"; Value = "C0805C104J5RACTU"; VariantName = "[No Variations]"
Add component (AddParameter): Name = "Supplier Part Number-1"; Value = "399-1171-1-ND"; VariantName = "[No Variations]"
Add component (AddParameter): Name = "Supplier-1"; Value = "Digikey"; VariantName = "[No Variations]"
Added Component: Designator=C?(CAP_0805)
Add component (AddParameter): Name = "Case/Package"; Value = "0805 (2012 Metric)"; VariantName = "[No Variations]"
Add component (AddParameter): Name = "Manufacturer"; Value = "KEMET"; VariantName = "[No Variations]"
Add component (AddParameter): Name = "Manufacturing Part Number"; Value = "C0805C104J5RACTU"; VariantName = "[No Variations]"
Add component (AddParameter): Name = "Supplier Part Number-1"; Value = "399-1171-1-ND"; VariantName = "[No Variations]"
Add component (AddParameter): Name = "Supplier-1"; Value = "Digikey"; VariantName = "[No Variations]"
Added Component: Designator=C?(CAP_0805)
Add component (AddParameter): Name = "Case/Package"; Value = "0805"; VariantName = "[No Variations]"
Add component (AddParameter): Name = "Manufacturer"; Value = "KEMET"; VariantName = "[No Variations]"
Add component (AddParameter): Name = "Manufacturer Part Number"; Value = "C0805C220J5GACTU"; VariantName = "[No Variations]"
Add component (AddParameter): Name = "Supplier Part Number-1"; Value = "399-1113-1-ND"; VariantName = "[No Variations]"
Add component (AddParameter): Name = "Supplier-1"; Value = "Digikey"; VariantName = "[No Variations]"
Added Component: Designator=C?(CAP_0805)
Add component (AddParameter): Name = "Case/Package"; Value = "0805 (2012 Metric)"; VariantName = "[No Variations]"
Add component (AddParameter): Name = "Manufacturer"; Value = "KEMET"; VariantName = "[No Variations]"
Add component (AddParameter): Name = "Manufacturing Part Number"; Value = "C0805C104J5RACTU"; VariantName = "[No Variations]"
Add component (AddParameter): Name = "Supplier Part Number-1"; Value = "399-1171-1-ND"; VariantName = "[No Variations]"
Add component (AddParameter): Name = "Supplier-1"; Value = "Digikey"; VariantName = "[No Variations]"
Added Component: Designator=C?(CAP_0805)
Add component (AddParameter): Name = "Case/Package"; Value = "0805 (2012 Metric)"; VariantName = "[No Variations]"
Add component (AddParameter): Name = "Manufacturer"; Value = "Yageo"; VariantName = "[No Variations]"
Add component (AddParameter): Name = "Manufacturing Part Number"; Value = "CC0805JKX7R9BB105"; VariantName = "[No Variations]"
Add component (AddParameter): Name = "Supplier Part Number-1"; Value = "311-3498-1-ND"; VariantName = "[No Variations]"
Add component (AddParameter): Name = "Supplier-1"; Value = "Digikey"; VariantName = "[No Variations]"
Added Component: Designator=C?(CAP_0805)
Add component (AddParameter): Name = "Case/Package"; Value = "0805"; VariantName = "[No Variations]"
Add component (AddParameter): Name = "Manufacturer"; Value = "KEMET"; VariantName = "[No Variations]"
Add component (AddParameter): Name = "Manufacturer Part Number"; Value = "C0805C220J5GACTU"; VariantName = "[No Variations]"
Add component (AddParameter): Name = "Supplier Part Number-1"; Value = "399-1113-1-ND"; VariantName = "[No Variations]"
Add component (AddParameter): Name = "Supplier-1"; Value = "Digikey"; VariantName = "[No Variations]"
Added Component: Designator=C?(CAP_0805)
Add component (AddParameter): Name = "Case/Package"; Value = "0805 (2012 Metric)"; VariantName = "[No Variations]"
Add component (AddParameter): Name = "Manufacturer"; Value = "KEMET"; VariantName = "[No Variations]"
Add component (AddParameter): Name = "Manufacturing Part Number"; Value = "C0805C104J5RACTU"; VariantName = "[No Variations]"
Add component (AddParameter): Name = "Supplier Part Number-1"; Value = "399-1171-1-ND"; VariantName = "[No Variations]"
Add component (AddParameter): Name = "Supplier-1"; Value = "Digikey"; VariantName = "[No Variations]"
Added Component: Designator=C?(CAP_0805)
Add component (AddParameter): Name = "Case/Package"; Value = "0805 (2012 Metric)"; VariantName = "[No Variations]"
Add component (AddParameter): Name = "Manufacturer"; Value = "KEMET"; VariantName = "[No Variations]"
Add component (AddParameter): Name = "Manufacturing Part Number"; Value = "C0805C104J5RACTU"; VariantName = "[No Variations]"
Add component (AddParameter): Name = "Supplier Part Number-1"; Value = "399-1171-1-ND"; VariantName = "[No Variations]"
Add component (AddParameter): Name = "Supplier-1"; Value = "Digikey"; VariantName = "[No Variations]"
Added Component: Designator=C?(CAP_0805)
Add component (AddParameter): Name = "Case/Package"; Value = "0805 (2012 Metric)"; VariantName = "[No Variations]"
Add component (AddParameter): Name = "Manufacturer"; Value = "KEMET"; VariantName = "[No Variations]"
Add component (AddParameter): Name = "Manufacturing Part Number"; Value = "C0805C104J5RACTU"; VariantName = "[No Variations]"
Add component (AddParameter): Name = "Supplier Part Number-1"; Value = "399-1171-1-ND"; VariantName = "[No Variations]"
Add component (AddParameter): Name = "Supplier-1"; Value = "Digikey"; VariantName = "[No Variations]"
Added Component: Designator=C?(CAP_0805)
Add component (AddParameter): Name = "Case/Package"; Value = "0805"; VariantName = "[No Variations]"
Add component (AddParameter): Name = "Manufacturer"; Value = "KEMET"; VariantName = "[No Variations]"
Add component (AddParameter): Name = "Manufacturer Part Number"; Value = "C0805C220J5GACTU"; VariantName = "[No Variations]"
Add component (AddParameter): Name = "Supplier Part Number-1"; Value = "399-1113-1-ND"; VariantName = "[No Variations]"
Add component (AddParameter): Name = "Supplier-1"; Value = "Digikey"; VariantName = "[No Variations]"
Added Component: Designator=C?(CAP_0805)
Add component (AddParameter): Name = "Case/Package"; Value = "0805 (2012 Metric)"; VariantName = "[No Variations]"
Add component (AddParameter): Name = "Manufacturer"; Value = "KEMET"; VariantName = "[No Variations]"
Add component (AddParameter): Name = "Manufacturing Part Number"; Value = "C0805C104J5RACTU"; VariantName = "[No Variations]"
Add component (AddParameter): Name = "Supplier Part Number-1"; Value = "399-1171-1-ND"; VariantName = "[No Variations]"
Add component (AddParameter): Name = "Supplier-1"; Value = "Digikey"; VariantName = "[No Variations]"
Added Component: Designator=J?(CON20_100_40D72_TH_ST)
Add component (AddParameter): Name = "Case/Package"; Value = "TH"; VariantName = "[No Variations]"
Add component (AddParameter): Name = "Manufacturer"; Value = "NA"; VariantName = "[No Variations]"
Add component (AddParameter): Name = "Manufacturing Part Number"; Value = "NA"; VariantName = "[No Variations]"
Add component (AddParameter): Name = "Supplier Part Number-1"; Value = "NA"; VariantName = "[No Variations]"
Add component (AddParameter): Name = "Supplier-1"; Value = "NA"; VariantName = "[No Variations]"
Added Component: Designator=J?(CON20_100_40D72_TH_ST)
Add component (AddParameter): Name = "Case/Package"; Value = "TH"; VariantName = "[No Variations]"
Add component (AddParameter): Name = "Manufacturer"; Value = "NA"; VariantName = "[No Variations]"
Add component (AddParameter): Name = "Manufacturing Part Number"; Value = "NA"; VariantName = "[No Variations]"
Add component (AddParameter): Name = "Supplier Part Number-1"; Value = "NA"; VariantName = "[No Variations]"
Add component (AddParameter): Name = "Supplier-1"; Value = "NA"; VariantName = "[No Variations]"
Added Component: Designator=J?(CON_10118192-0001LF_SMD)
Add component (AddParameter): Name = "Case/Package"; Value = "SMD"; VariantName = "[No Variations]"
Add component (AddParameter): Name = "Manufacturer"; Value = "Amphenol ICC (FCI)"; VariantName = "[No Variations]"
Add component (AddParameter): Name = "Manufacturing Part Number"; Value = "10118192-0002LF"; VariantName = "[No Variations]"
Add component (AddParameter): Name = "Supplier Part Number-1"; Value = "609-5379-1-ND"; VariantName = "[No Variations]"
Add component (AddParameter): Name = "Supplier-1"; Value = "Digikey"; VariantName = "[No Variations]"
Added Component: Designator=J?(CON4_100_40D72_TH_ST_MALE)
Add component (AddParameter): Name = "Case/Package"; Value = "TH"; VariantName = "[No Variations]"
Add component (AddParameter): Name = "Manufacturer"; Value = "NA"; VariantName = "[No Variations]"
Add component (AddParameter): Name = "Manufacturing Part Number"; Value = "NA"; VariantName = "[No Variations]"
Add component (AddParameter): Name = "Supplier Part Number-1"; Value = "NA"; VariantName = "[No Variations]"
Add component (AddParameter): Name = "Supplier-1"; Value = "NA"; VariantName = "[No Variations]"
Added Component: Designator=J?(CON6_100_59D78_TH_ST_Duplicate)
Add component (AddParameter): Name = "Case/Package"; Value = "TH"; VariantName = "[No Variations]"
Add component (AddParameter): Name = "Manufacturer"; Value = "NA"; VariantName = "[No Variations]"
Add component (AddParameter): Name = "Manufacturer Part Number"; Value = "NA"; VariantName = "[No Variations]"
Add component (AddParameter): Name = "Supplier Part Number-1"; Value = "NA"; VariantName = "[No Variations]"
Add component (AddParameter): Name = "Supplier-1"; Value = "NA"; VariantName = "[No Variations]"
Added Component: Designator=LED?(LED_0805)
Add component (AddParameter): Name = "Case/ Package"; Value = "0805"; VariantName = "[No Variations]"
Add component (AddParameter): Name = "Manufacturer"; Value = "Lite-On Inc."; VariantName = "[No Variations]"
Add component (AddParameter): Name = "Manufacturer Part Number"; Value = "LTST-C170EKT"; VariantName = "[No Variations]"
Add component (AddParameter): Name = "Supplier Part Number-1"; Value = "160-1178-1-ND"; VariantName = "[No Variations]"
Add component (AddParameter): Name = "Supplier-1"; Value = "Digikey"; VariantName = "[No Variations]"
Added Component: Designator=LED?(LED_0805)
Add component (AddParameter): Name = "Case/ Package"; Value = "0805"; VariantName = "[No Variations]"
Add component (AddParameter): Name = "Manufacturer"; Value = "Lite-On Inc."; VariantName = "[No Variations]"
Add component (AddParameter): Name = "Manufacturer Part Number"; Value = "LTST-C170EKT"; VariantName = "[No Variations]"
Add component (AddParameter): Name = "Supplier Part Number-1"; Value = "160-1178-1-ND"; VariantName = "[No Variations]"
Add component (AddParameter): Name = "Supplier-1"; Value = "Digikey"; VariantName = "[No Variations]"
Added Component: Designator=R?(RES_0805)
Add component (AddParameter): Name = "Case/Package"; Value = "0805"; VariantName = "[No Variations]"
Add component (AddParameter): Name = "Manufacturer"; Value = "Yageo"; VariantName = "[No Variations]"
Add component (AddParameter): Name = "Manufacturing Part Number"; Value = "RC0805FR-0710KL"; VariantName = "[No Variations]"
Add component (AddParameter): Name = "Supplier Part Number-1"; Value = "311-10.0KCRCT-ND"; VariantName = "[No Variations]"
Add component (AddParameter): Name = "Supplier-1"; Value = "Digikey"; VariantName = "[No Variations]"
Added Component: Designator=R?(RES_0805)
Add component (AddParameter): Name = "Case/Package"; Value = "0805"; VariantName = "[No Variations]"
Add component (AddParameter): Name = "Manufacturer"; Value = "Yageo"; VariantName = "[No Variations]"
Add component (AddParameter): Name = "Manufacturing Part Number"; Value = "RC0805FR-0710KL"; VariantName = "[No Variations]"
Add component (AddParameter): Name = "Supplier Part Number-1"; Value = "311-10.0KCRCT-ND"; VariantName = "[No Variations]"
Add component (AddParameter): Name = "Supplier-1"; Value = "Digikey"; VariantName = "[No Variations]"
Added Component: Designator=R?(RES_0805)
Add component (AddParameter): Name = "Case/Package"; Value = "0805"; VariantName = "[No Variations]"
Add component (AddParameter): Name = "Manufacturer"; Value = "??á "; VariantName = "[No Variations]"
Add component (AddParameter): Name = "Manufacturer Part Number"; Value = "RC0805FR-071KL"; VariantName = "[No Variations]"
Add component (AddParameter): Name = "Supplier Part Number-1"; Value = "311-1.00KCRCT-ND"; VariantName = "[No Variations]"
Add component (AddParameter): Name = "Supplier-1"; Value = "Digikey"; VariantName = "[No Variations]"
Added Component: Designator=R?(RES_0805)
Add component (AddParameter): Name = "Case/Package"; Value = "0805 (2012 Metric)"; VariantName = "[No Variations]"
Add component (AddParameter): Name = "Manufacturer"; Value = "Rohm Semiconductor"; VariantName = "[No Variations]"
Add component (AddParameter): Name = "Manufacturing Part Number"; Value = "KTR10EZPF1005"; VariantName = "[No Variations]"
Add component (AddParameter): Name = "Supplier Part Number-1"; Value = "RHM10.0MAHCT-ND"; VariantName = "[No Variations]"
Add component (AddParameter): Name = "Supplier-1"; Value = "Digikey"; VariantName = "[No Variations]"
Added Component: Designator=R?(RES_0805)
Add component (AddParameter): Name = "Case/Package"; Value = "0805"; VariantName = "[No Variations]"
Add component (AddParameter): Name = "Manufacturer"; Value = "??á "; VariantName = "[No Variations]"
Add component (AddParameter): Name = "Manufacturer Part Number"; Value = "RC0805FR-071KL"; VariantName = "[No Variations]"
Add component (AddParameter): Name = "Supplier Part Number-1"; Value = "311-1.00KCRCT-ND"; VariantName = "[No Variations]"
Add component (AddParameter): Name = "Supplier-1"; Value = "Digikey"; VariantName = "[No Variations]"
Added Component: Designator=R?(RES_0805)
Add component (AddParameter): Name = "Case/Package"; Value = "0805"; VariantName = "[No Variations]"
Add component (AddParameter): Name = "Manufacturer"; Value = "Yageo"; VariantName = "[No Variations]"
Add component (AddParameter): Name = "Manufacturing Part Number"; Value = "RC0805FR-0710KL"; VariantName = "[No Variations]"
Add component (AddParameter): Name = "Supplier Part Number-1"; Value = "311-10.0KCRCT-ND"; VariantName = "[No Variations]"
Add component (AddParameter): Name = "Supplier-1"; Value = "Digikey"; VariantName = "[No Variations]"
Added Component: Designator=REG?(SOT23-5)
Add component (AddParameter): Name = "Case/ Package"; Value = "SOT-23-5"; VariantName = "[No Variations]"
Add component (AddParameter): Name = "Manufacturer"; Value = "Richtek USA Inc."; VariantName = "[No Variations]"
Add component (AddParameter): Name = "Manufacturer Part Number"; Value = "RT9193-33GB"; VariantName = "[No Variations]"
Add component (AddParameter): Name = "Supplier Part Number-1"; Value = "1028-1014-1-ND"; VariantName = "[No Variations]"
Add component (AddParameter): Name = "Supplier-1"; Value = "Digikey"; VariantName = "[No Variations]"
Added Component: Designator=SW?(SW_342_SMD)
Add component (AddParameter): Name = "Case/Package"; Value = "SMD"; VariantName = "[No Variations]"
Add component (AddParameter): Name = "Manufacturer"; Value = "C&K"; VariantName = "[No Variations]"
Add component (AddParameter): Name = "Manufacturing Part Number"; Value = "KSR223GLFG"; VariantName = "[No Variations]"
Add component (AddParameter): Name = "Supplier Part Number-1"; Value = "401-1704-1-ND"; VariantName = "[No Variations]"
Add component (AddParameter): Name = "Supplier-1"; Value = "Digikey"; VariantName = "[No Variations]"
Added Component: Designator=U?(LQFP-48_19.6_393_58X11_SMD)
Add component (AddParameter): Name = "Case/Package"; Value = "48-LQFP"; VariantName = "[No Variations]"
Add component (AddParameter): Name = "Manufacturer"; Value = "STMicroelectronics"; VariantName = "[No Variations]"
Add component (AddParameter): Name = "Manufacturer Part Number"; Value = "STM32F103C8T6"; VariantName = "[No Variations]"
Add component (AddParameter): Name = "Supplier Part Number-1"; Value = "497-6063-ND"; VariantName = "[No Variations]"
Add component (AddParameter): Name = "Supplier-1"; Value = "Digikey"; VariantName = "[No Variations]"
Added Component: Designator=Y?(XTAL_MC-405 32.7680K-G3)
Add component (AddParameter): Name = "Case/Package"; Value = "SMD"; VariantName = "[No Variations]"
Add component (AddParameter): Name = "Manufacturer"; Value = "Epson"; VariantName = "[No Variations]"
Add component (AddParameter): Name = "Manufacturing Part Number"; Value = "MC-405 32.7680K-G3: ROHS"; VariantName = "[No Variations]"
Add component (AddParameter): Name = "Supplier Part Number-1"; Value = "732-MC405327680KG3RS"; VariantName = "[No Variations]"
Add component (AddParameter): Name = "Supplier-1"; Value = "Mouser"; VariantName = "[No Variations]"
Added Component: Designator=Y?(XTAL_314_240X47_SMD)
Add component (AddParameter): Name = "Case/Package"; Value = "SMD"; VariantName = "[No Variations]"
Add component (AddParameter): Name = "Manufacturer"; Value = "IQD Frequency Products"; VariantName = "[No Variations]"
Add component (AddParameter): Name = "Manufacturing Part Number"; Value = "LFXTAL030234Reel"; VariantName = "[No Variations]"
Add component (AddParameter): Name = "Supplier Part Number-1"; Value = "449-LFXTAL030234REEL"; VariantName = "[No Variations]"
Add component (AddParameter): Name = "Supplier-1"; Value = "Mouser"; VariantName = "[No Variations]"
Added Pin To Net: NetName=+3V3 Pin=C?-2
Added Pin To Net: NetName=+3V3 Pin=C?-2
Added Pin To Net: NetName=+3V3 Pin=C?-2
Added Pin To Net: NetName=+3V3 Pin=C?-2
Added Pin To Net: NetName=+3V3 Pin=C?-2
Added Pin To Net: NetName=+3V3 Pin=C?-2
Added Pin To Net: NetName=+3V3 Pin=J?-1
Added Pin To Net: NetName=+3V3 Pin=J?-2
Added Pin To Net: NetName=+3V3 Pin=J?-2
Added Pin To Net: NetName=+3V3 Pin=J?-4
Added Pin To Net: NetName=+3V3 Pin=J?-18
Added Pin To Net: NetName=+3V3 Pin=J?-18
Added Pin To Net: NetName=+3V3 Pin=LED?-A
Added Pin To Net: NetName=+3V3 Pin=LED?-A
Added Pin To Net: NetName=+3V3 Pin=R?-2
Added Pin To Net: NetName=+3V3 Pin=REG?-5
Added Pin To Net: NetName=+3V3 Pin=U?-1
Added Pin To Net: NetName=+3V3 Pin=U?-9
Added Pin To Net: NetName=+3V3 Pin=U?-24
Added Pin To Net: NetName=+3V3 Pin=U?-36
Added Pin To Net: NetName=+3V3 Pin=U?-48
Added Net: Name=+3V3
Added Pin To Net: NetName=+5V Pin=C?-2
Added Pin To Net: NetName=+5V Pin=J?-1
Added Pin To Net: NetName=+5V Pin=REG?-1
Added Pin To Net: NetName=+5V Pin=REG?-3
Added Net: Name=+5V
Added Pin To Net: NetName=BOOT0 Pin=J?-3
Added Pin To Net: NetName=BOOT0 Pin=R?-2
Added Net: Name=BOOT0
Added Pin To Net: NetName=BOOT1 Pin=J?-4
Added Pin To Net: NetName=BOOT1 Pin=R?-2
Added Net: Name=BOOT1
Added Pin To Net: NetName=D_N\ Pin=J?-2
Added Net: Name=D_N\
Added Pin To Net: NetName=D_N Pin=U?-32
Added Net: Name=D_N
Added Pin To Net: NetName=D_P Pin=J?-3
Added Pin To Net: NetName=D_P Pin=U?-33
Added Net: Name=D_P
Added Pin To Net: NetName=GND Pin=C?-1
Added Pin To Net: NetName=GND Pin=C?-1
Added Pin To Net: NetName=GND Pin=C?-1
Added Pin To Net: NetName=GND Pin=C?-1
Added Pin To Net: NetName=GND Pin=C?-1
Added Pin To Net: NetName=GND Pin=C?-1
Added Pin To Net: NetName=GND Pin=C?-1
Added Pin To Net: NetName=GND Pin=C?-1
Added Pin To Net: NetName=GND Pin=C?-1
Added Pin To Net: NetName=GND Pin=C?-1
Added Pin To Net: NetName=GND Pin=C?-1
Added Pin To Net: NetName=GND Pin=J?-1
Added Pin To Net: NetName=GND Pin=J?-1
Added Pin To Net: NetName=GND Pin=J?-1
Added Pin To Net: NetName=GND Pin=J?-5
Added Pin To Net: NetName=GND Pin=J?-5
Added Pin To Net: NetName=GND Pin=J?-6
Added Pin To Net: NetName=GND Pin=J?-6
Added Pin To Net: NetName=GND Pin=J?-7
Added Pin To Net: NetName=GND Pin=J?-8
Added Pin To Net: NetName=GND Pin=J?-9
Added Pin To Net: NetName=GND Pin=J?-19
Added Pin To Net: NetName=GND Pin=J?-19
Added Pin To Net: NetName=GND Pin=J?-20
Added Pin To Net: NetName=GND Pin=J?-20
Added Pin To Net: NetName=GND Pin=R?-1
Added Pin To Net: NetName=GND Pin=REG?-2
Added Pin To Net: NetName=GND Pin=SW?-1
Added Pin To Net: NetName=GND Pin=U?-8
Added Pin To Net: NetName=GND Pin=U?-23
Added Pin To Net: NetName=GND Pin=U?-35
Added Pin To Net: NetName=GND Pin=U?-47
Added Pin To Net: NetName=GND Pin=Y?-2
Added Pin To Net: NetName=GND Pin=Y?-3
Added Net: Name=GND
Added Pin To Net: NetName=NetC?_2 Pin=C?-2
Added Pin To Net: NetName=NetC?_2 Pin=REG?-4
Added Net: Name=NetC?_2
Added Pin To Net: NetName=NetLED?_K Pin=LED?-K
Added Pin To Net: NetName=NetLED?_K Pin=R?-2
Added Net: Name=NetLED?_K
Add Net: Net with name "NetLED?_K" already exists
Added Pin To Net: NetName=NetR?_1 Pin=R?-1
Added Pin To Net: NetName=NetR?_1 Pin=U?-20
Added Net: Name=NetR?_1
Add Net: Net with name "NetR?_1" already exists
Added Pin To Net: NetName=NRST Pin=C?-2
Added Pin To Net: NetName=NRST Pin=J?-5
Added Pin To Net: NetName=NRST Pin=R?-1
Added Pin To Net: NetName=NRST Pin=SW?-2
Added Pin To Net: NetName=NRST Pin=U?-7
Added Net: Name=NRST
Added Pin To Net: NetName=PA0 Pin=J?-6
Added Pin To Net: NetName=PA0 Pin=U?-10
Added Net: Name=PA0
Added Pin To Net: NetName=PA1 Pin=J?-7
Added Pin To Net: NetName=PA1 Pin=U?-11
Added Net: Name=PA1
Added Pin To Net: NetName=PA2 Pin=J?-8
Added Pin To Net: NetName=PA2 Pin=U?-12
Added Net: Name=PA2
Added Pin To Net: NetName=PA3 Pin=J?-9
Added Pin To Net: NetName=PA3 Pin=U?-13
Added Net: Name=PA3
Added Pin To Net: NetName=PA4 Pin=J?-10
Added Pin To Net: NetName=PA4 Pin=U?-14
Added Net: Name=PA4
Added Pin To Net: NetName=PA5 Pin=J?-11
Added Pin To Net: NetName=PA5 Pin=U?-15
Added Net: Name=PA5
Added Pin To Net: NetName=PA6 Pin=J?-12
Added Pin To Net: NetName=PA6 Pin=U?-16
Added Net: Name=PA6
Added Pin To Net: NetName=PA7 Pin=J?-13
Added Pin To Net: NetName=PA7 Pin=U?-17
Added Net: Name=PA7
Added Pin To Net: NetName=PA8 Pin=J?-13
Added Pin To Net: NetName=PA8 Pin=U?-29
Added Net: Name=PA8
Added Pin To Net: NetName=PA9 Pin=J?-12
Added Pin To Net: NetName=PA9 Pin=U?-30
Added Net: Name=PA9
Added Pin To Net: NetName=PA10 Pin=J?-11
Added Pin To Net: NetName=PA10 Pin=U?-31
Added Net: Name=PA10
Added Pin To Net: NetName=PA11 Pin=J?-10
Added Net: Name=PA11
Added Pin To Net: NetName=PA12 Pin=J?-9
Added Net: Name=PA12
Added Pin To Net: NetName=PA15 Pin=J?-8
Added Pin To Net: NetName=PA15 Pin=U?-38
Added Net: Name=PA15
Added Pin To Net: NetName=PB0 Pin=J?-14
Added Pin To Net: NetName=PB0 Pin=U?-18
Added Net: Name=PB0
Added Pin To Net: NetName=PB1 Pin=J?-15
Added Pin To Net: NetName=PB1 Pin=U?-19
Added Net: Name=PB1
Added Pin To Net: NetName=PB3 Pin=J?-7
Added Pin To Net: NetName=PB3 Pin=U?-39
Added Net: Name=PB3
Added Pin To Net: NetName=PB4 Pin=J?-6
Added Pin To Net: NetName=PB4 Pin=U?-40
Added Net: Name=PB4
Added Pin To Net: NetName=PB5 Pin=J?-5
Added Pin To Net: NetName=PB5 Pin=U?-41
Added Net: Name=PB5
Added Pin To Net: NetName=PB6 Pin=J?-4
Added Pin To Net: NetName=PB6 Pin=U?-42
Added Net: Name=PB6
Added Pin To Net: NetName=PB7 Pin=J?-3
Added Pin To Net: NetName=PB7 Pin=U?-43
Added Net: Name=PB7
Added Pin To Net: NetName=PB8 Pin=J?-2
Added Pin To Net: NetName=PB8 Pin=U?-45
Added Net: Name=PB8
Added Pin To Net: NetName=PB9 Pin=J?-3
Added Pin To Net: NetName=PB9 Pin=U?-46
Added Net: Name=PB9
Added Pin To Net: NetName=PB10 Pin=J?-16
Added Pin To Net: NetName=PB10 Pin=U?-21
Added Net: Name=PB10
Added Pin To Net: NetName=PB11 Pin=J?-17
Added Pin To Net: NetName=PB11 Pin=U?-22
Added Net: Name=PB11
Added Pin To Net: NetName=PB12 Pin=J?-17
Added Pin To Net: NetName=PB12 Pin=R?-1
Added Pin To Net: NetName=PB12 Pin=U?-25
Added Net: Name=PB12
Added Pin To Net: NetName=PB13 Pin=J?-16
Added Pin To Net: NetName=PB13 Pin=U?-26
Added Net: Name=PB13
Added Pin To Net: NetName=PB14 Pin=J?-15
Added Pin To Net: NetName=PB14 Pin=U?-27
Added Net: Name=PB14
Added Pin To Net: NetName=PB15 Pin=J?-14
Added Pin To Net: NetName=PB15 Pin=U?-28
Added Net: Name=PB15
Added Pin To Net: NetName=PC13 Pin=J?-4
Added Pin To Net: NetName=PC13 Pin=U?-2
Added Net: Name=PC13
Added Pin To Net: NetName=SWCLK Pin=J?-2
Added Pin To Net: NetName=SWCLK Pin=U?-37
Added Net: Name=SWCLK
Added Pin To Net: NetName=SWDIO Pin=J?-3
Added Pin To Net: NetName=SWDIO Pin=U?-34
Added Net: Name=SWDIO
Added Pin To Net: NetName=XTALA Pin=C?-2
Added Pin To Net: NetName=XTALA Pin=R?-1
Added Pin To Net: NetName=XTALA Pin=U?-5
Added Pin To Net: NetName=XTALA Pin=Y?-1
Added Net: Name=XTALA
Added Pin To Net: NetName=XTALB Pin=C?-2
Added Pin To Net: NetName=XTALB Pin=R?-2
Added Pin To Net: NetName=XTALB Pin=U?-6
Added Pin To Net: NetName=XTALB Pin=Y?-2
Added Net: Name=XTALB
Added Pin To Net: NetName=XTALC Pin=U?-3
Added Pin To Net: NetName=XTALC Pin=Y?-1
Added Net: Name=XTALC
Added Pin To Net: NetName=XTALD Pin=U?-4
Added Pin To Net: NetName=XTALD Pin=Y?-4
Added Net: Name=XTALD
Added Member To Class: ClassName=[1]-Controller_Page Member=Component C? 22pF
Added Member To Class: ClassName=[1]-Controller_Page Member=Component C? 22pF
Added Member To Class: ClassName=[1]-Controller_Page Member=Component C? 0.1uF
Added Member To Class: ClassName=[1]-Controller_Page Member=Component C? 0.1uF
Added Member To Class: ClassName=[1]-Controller_Page Member=Component C? 0.1uF
Added Member To Class: ClassName=[1]-Controller_Page Member=Component C? 0.1uF
Added Member To Class: ClassName=[1]-Controller_Page Member=Component C? 0.1uF
Added Member To Class: ClassName=[2]- Connector_Page Member=Component C? 1uF
Added Member To Class: ClassName=[2]- Connector_Page Member=Component C? 0.1uF
Added Member To Class: ClassName=[2]- Connector_Page Member=Component C? 0.1uF
Added Member To Class: ClassName=[2]- Connector_Page Member=Component C? 22pF
Added Member To Class: ClassName=[1]-Controller_Page Member=Component J? 2X3 Berg Strip
Added Member To Class: ClassName=[1]-Controller_Page Member=Component J? 4X1 Bergstrip
Added Member To Class: ClassName=[2]- Connector_Page Member=Component J? 20X1 Bergstrip
Added Member To Class: ClassName=[2]- Connector_Page Member=Component J? 20X1 Bergstrip
Added Member To Class: ClassName=[2]- Connector_Page Member=Component J? MICRO USB2.0
Added Member To Class: ClassName=[1]-Controller_Page Member=Component LED? RED LED
Added Member To Class: ClassName=[1]-Controller_Page Member=Component LED? RED LED
Added Member To Class: ClassName=[1]-Controller_Page Member=Component R? 10K
Added Member To Class: ClassName=[1]-Controller_Page Member=Component R? 10K
Added Member To Class: ClassName=[1]-Controller_Page Member=Component R? 1K
Added Member To Class: ClassName=[1]-Controller_Page Member=Component R? 10Mohm
Added Member To Class: ClassName=[1]-Controller_Page Member=Component R? 1K
Added Member To Class: ClassName=[1]-Controller_Page Member=Component R? 10K
Added Member To Class: ClassName=[2]- Connector_Page Member=Component REG? RT9193-33GB
Added Member To Class: ClassName=[1]-Controller_Page Member=Component SW? TACT SWITCH
Added Member To Class: ClassName=[1]-Controller_Page Member=Component U? STM32F103C8T6
Added Member To Class: ClassName=[1]-Controller_Page Member=Component Y? 32.768KHz
Added Member To Class: ClassName=[1]-Controller_Page Member=Component Y? 8MHz
